<?xml version="1.0" encoding="UTF-8"?>
<!-- Generated by org.testng.reporters.JUnitReportReporter -->
<testsuite hostname="ZabithPC" failures="0" tests="7" name="com.swagLabsTest.testcases.LoginTest" time="2.310" errors="0" timestamp="2023-12-10T15:13:28 IST" skipped="0">
  <testcase classname="com.swagLabsTest.testcases.LoginTest" name="testLogin" time="0.337"/>
  <testcase classname="com.swagLabsTest.testcases.LoginTest" name="testLogin" time="0.385"/>
  <testcase classname="com.swagLabsTest.testcases.LoginTest" name="testLogin" time="0.376"/>
  <testcase classname="com.swagLabsTest.testcases.LoginTest" name="testLogin" time="0.398"/>
  <testcase classname="com.swagLabsTest.testcases.LoginTest" name="testLogin" time="0.422"/>
  <testcase classname="com.swagLabsTest.testcases.LoginTest" name="testLogin" time="0.316"/>
  <testcase classname="com.swagLabsTest.testcases.LoginTest" name="verifyIslogoDisplayed" time="0.076"/>
</testsuite> <!-- com.swagLabsTest.testcases.LoginTest -->
